{"level":"error","message":"Error: name is not defined","service":"user-service","timestamp":"2024-09-05 22:27:10"}
{"level":"error","message":"Error: name is not defined","service":"user-service","timestamp":"2024-09-05 22:29:20"}
{"level":"error","message":"Error: User with this ID already exists.","service":"user-service","timestamp":"2024-09-05 23:00:37"}
{"level":"error","message":"Error: Failed to verify your phone number","service":"user-service","timestamp":"2024-09-06 07:54:32"}
{"level":"error","message":"Error: Failed to verify your phone number","service":"user-service","timestamp":"2024-09-06 07:55:06"}
{"level":"error","message":"Error: Failed to verify your phone number","service":"user-service","timestamp":"2024-09-06 10:53:24"}
{"level":"error","message":"Error: otp validation failed: phone: Path `phone` is required.","service":"user-service","timestamp":"2024-09-06 11:55:18"}
{"level":"error","message":"Error: User with this ID already exists.","service":"user-service","timestamp":"2024-09-06 16:53:44"}
{"code":"INTERNAL_ERROR","level":"error","message":"Error: User already exists with this email id.","service":"user-service","timestamp":"2024-09-06 16:59:13"}
{"code":"INTERNAL_ERROR","level":"error","message":"Error: User already exists with this email id.","service":"user-service","timestamp":"2024-09-06 17:04:20"}
{"code":409,"level":"error","message":"Error: User already exists with this email id.","service":"user-service","timestamp":"2024-09-06 17:05:22"}
{"level":"error","message":"Error: User already exists with this email id.","service":"user-service","statusCode":409,"timestamp":"2024-09-06 17:06:27"}
{"level":"error","message":"Error: User already exists with this email id.","service":"user-service","statusCode":409,"timestamp":"2024-09-06 17:07:42"}
{"level":"error","message":"Error: User already exists with this email id.","service":"user-service","statusCode":409,"timestamp":"2024-09-06 17:17:46"}
{"level":"error","message":"Error: User already exists with this email id.","service":"user-service","statusCode":409,"timestamp":"2024-09-06 17:18:00"}
{"level":"error","message":"Error: User already exists with this email id.","service":"user-service","statusCode":409,"timestamp":"2024-09-06 17:18:25"}
{"level":"error","message":"Error: User already exists with this email id.","service":"user-service","statusCode":409,"timestamp":"2024-09-06 17:19:22"}
{"level":"error","message":"Error: User already exists with this email id.","service":"user-service","statusCode":409,"timestamp":"2024-09-06 17:19:29"}
{"level":"error","message":"Error: User already exists with this email id.","service":"user-service","statusCode":409,"timestamp":"2024-09-06 17:21:19"}
{"level":"error","message":"Error: User already exists, however otp not verified yet.","service":"user-service","statusCode":403,"timestamp":"2024-09-06 17:30:43"}
{"level":"error","message":"Error: User already exists, however otp not verified yet.","service":"user-service","statusCode":403,"timestamp":"2024-09-06 17:33:45"}
{"level":"error","message":"Error: User already exists, however otp not verified yet.","service":"user-service","statusCode":403,"timestamp":"2024-09-06 17:33:57"}
{"level":"error","message":"Error: User already exists, however otp not verified yet.","service":"user-service","statusCode":403,"timestamp":"2024-09-06 17:34:05"}
{"level":"error","message":"Error: User already exists, however otp not verified yet.","service":"user-service","statusCode":403,"timestamp":"2024-09-06 17:35:42"}
{"level":"error","message":"Error: Verification failed, OTP doesn't match","service":"user-service","statusCode":400,"timestamp":"2024-09-06 20:36:03"}
{"level":"error","message":"Error: Verification failed, OTP doesn't match","service":"user-service","statusCode":400,"timestamp":"2024-09-06 20:41:57"}
{"level":"error","message":"Error: otpObj.delete is not a function","service":"user-service","statusCode":500,"timestamp":"2024-09-06 21:01:29"}
{"level":"error","message":"Error: otp validation failed: otp: Path `otp` is required.","service":"user-service","statusCode":500,"timestamp":"2024-09-06 22:08:09"}
{"level":"error","message":"Error: otp validation failed: otp: Path `otp` is required.","service":"user-service","statusCode":500,"timestamp":"2024-09-06 22:09:46"}
{"level":"error","message":"Error: otp validation failed: otp: Path `otp` is required.","service":"user-service","statusCode":500,"timestamp":"2024-09-06 22:11:53"}
{"level":"error","message":"Error: Verification failed, OTP doesn't match","service":"user-service","statusCode":400,"timestamp":"2024-09-06 22:40:59"}
{"level":"error","message":"Error: Verification failed, OTP doesn't match","service":"user-service","statusCode":400,"timestamp":"2024-09-07 06:02:59"}
{"level":"error","message":"Error: Verification failed, OTP doesn't match","service":"user-service","statusCode":400,"timestamp":"2024-09-07 06:05:38"}
{"level":"error","message":"Error: Verification failed, OTP doesn't match","service":"user-service","statusCode":400,"timestamp":"2024-09-07 06:20:39"}
{"level":"error","message":"Error: Verification failed, OTP doesn't match","service":"user-service","statusCode":400,"timestamp":"2024-09-07 06:21:48"}
{"level":"error","message":"Error: Verification failed, OTP doesn't match","service":"user-service","statusCode":400,"timestamp":"2024-09-07 06:22:57"}
{"level":"error","message":"Error: Verification failed, OTP doesn't match","service":"user-service","statusCode":400,"timestamp":"2024-09-07 06:29:47"}
{"level":"error","message":"Error: Verification failed, OTP doesn't match","service":"user-service","statusCode":400,"timestamp":"2024-09-07 06:30:35"}
{"level":"error","message":"Error: Verification failed, OTP doesn't match","service":"user-service","statusCode":400,"timestamp":"2024-09-07 06:31:11"}
{"level":"error","message":"Error: Verification failed, OTP doesn't match","service":"user-service","statusCode":400,"timestamp":"2024-09-07 06:31:18"}
{"level":"error","message":"Error: Verification failed, OTP doesn't match","service":"user-service","statusCode":400,"timestamp":"2024-09-07 06:31:22"}
{"level":"error","message":"Error: Error with Requesting OTP","service":"user-service","statusCode":401,"timestamp":"2024-09-07 13:21:06"}
{"level":"error","message":"Error: Error with Requesting OTP","service":"user-service","statusCode":401,"timestamp":"2024-09-07 13:21:06"}
{"level":"error","message":"Error: Failed to register user, please try again later","service":"user-service","statusCode":500,"timestamp":"2024-09-07 14:08:54"}
{"level":"error","message":"Error: Failed to register user, please try again later","service":"user-service","statusCode":500,"timestamp":"2024-09-07 14:12:47"}
{"level":"error","message":"Error: Failed to register user, please try again later","service":"user-service","statusCode":500,"timestamp":"2024-09-07 15:13:14"}
{"level":"error","message":"Error: Failed to register user, please try again later","service":"user-service","statusCode":500,"timestamp":"2024-09-07 15:15:55"}
{"level":"error","message":"Error: E11000 duplicate key error collection: food_order_dev.users index: email_1 dup key: { email: \"y.kaushalkumar@gmail.com\" }","service":"user-service","statusCode":500,"timestamp":"2024-09-07 15:30:45"}
{"level":"error","message":"Error: Email id is not registered, Please register.","service":"user-service","statusCode":404,"timestamp":"2024-09-07 16:49:24"}
{"level":"error","message":"Error: Email id is not registered, Please register.","service":"user-service","statusCode":404,"timestamp":"2024-09-07 16:49:28"}
{"level":"error","message":"Error: Email id is not registered, Please register.","service":"user-service","statusCode":404,"timestamp":"2024-09-07 16:49:38"}
{"level":"error","message":"Error: Email id is not registered, Please register.","service":"user-service","statusCode":404,"timestamp":"2024-09-07 16:49:39"}
{"level":"error","message":"Error: Email id is not registered, Please register.","service":"user-service","statusCode":404,"timestamp":"2024-09-07 16:49:45"}
{"level":"error","message":"Error: Email id is not registered, Please register.","service":"user-service","statusCode":404,"timestamp":"2024-09-07 16:49:46"}
{"level":"error","message":"Error: Email id is not registered, Please register.","service":"user-service","statusCode":404,"timestamp":"2024-09-07 16:49:47"}
{"level":"error","message":"Error: Email id is not registered, Please register.","service":"user-service","statusCode":404,"timestamp":"2024-09-07 16:49:48"}
{"level":"error","message":"Error: Email id is not registered, Please register.","service":"user-service","statusCode":404,"timestamp":"2024-09-07 16:49:49"}
{"level":"error","message":"Error: Email id is not registered, Please register.","service":"user-service","statusCode":404,"timestamp":"2024-09-07 16:49:56"}
{"level":"error","message":"Error: Email id is not registered, Please register.","service":"user-service","statusCode":404,"timestamp":"2024-09-07 16:53:16"}
{"level":"error","message":"Error: Email id is not registered, Please register.","service":"user-service","statusCode":404,"timestamp":"2024-09-07 16:53:37"}
{"level":"error","message":"Error: Email id is not registered, Please register.","service":"user-service","statusCode":404,"timestamp":"2024-09-07 16:53:44"}
{"level":"error","message":"Error: Email id is not registered, Please register.","service":"user-service","statusCode":404,"timestamp":"2024-09-07 16:54:35"}
{"level":"error","message":"Error: Email id is not registered, Please register.","service":"user-service","statusCode":404,"timestamp":"2024-09-07 16:56:29"}
{"level":"error","message":"Error: Email id is not registered, Please register.","service":"user-service","statusCode":404,"timestamp":"2024-09-07 17:01:43"}
{"level":"error","message":"Error: Email id is not registered, Please register.","service":"user-service","statusCode":404,"timestamp":"2024-09-07 17:02:12"}
{"level":"error","message":"Error: Email id is not registered, Please register.","service":"user-service","statusCode":404,"timestamp":"2024-09-07 17:02:19"}
{"level":"error","message":"Error: Email id is not registered, Please register.","service":"user-service","statusCode":404,"timestamp":"2024-09-07 17:02:27"}
{"level":"error","message":"Error: Email id is not registered, Please register.","service":"user-service","statusCode":404,"timestamp":"2024-09-07 17:02:33"}
{"level":"error","message":"Error: Email id is not registered, Please register.","service":"user-service","statusCode":404,"timestamp":"2024-09-07 17:02:36"}
{"level":"error","message":"Error: Email id is not registered, Please register.","service":"user-service","statusCode":404,"timestamp":"2024-09-07 17:02:38"}
{"level":"error","message":"Error: Email id is not registered, Please register.","service":"user-service","statusCode":404,"timestamp":"2024-09-07 17:02:39"}
{"level":"error","message":"Error: Email id is not registered, Please register.","service":"user-service","statusCode":404,"timestamp":"2024-09-07 17:02:45"}
{"level":"error","message":"Error: Email id is not registered, Please register.","service":"user-service","statusCode":404,"timestamp":"2024-09-07 17:02:49"}
{"level":"error","message":"Error: Email id is not registered, Please register.","service":"user-service","statusCode":404,"timestamp":"2024-09-07 17:34:14"}
{"level":"error","message":"Error: Email id is not registered, Please register.","service":"user-service","statusCode":404,"timestamp":"2024-09-07 17:34:27"}
{"level":"error","message":"Error: Email id is not registered, Please register.","service":"user-service","statusCode":404,"timestamp":"2024-09-07 17:34:33"}
{"level":"error","message":"Error: Email id is not registered, Please register.","service":"user-service","statusCode":404,"timestamp":"2024-09-07 17:34:37"}
{"level":"error","message":"Error: Email id is not registered, Please register.","service":"user-service","statusCode":404,"timestamp":"2024-09-07 17:34:41"}
{"level":"error","message":"Error: Email id is not registered, Please register.","service":"user-service","statusCode":404,"timestamp":"2024-09-07 17:57:30"}
{"level":"error","message":"Error: Email id is not registered, Please register.","service":"user-service","statusCode":404,"timestamp":"2024-09-07 17:57:34"}
{"level":"error","message":"Error: Email id is not registered, Please register.","service":"user-service","statusCode":404,"timestamp":"2024-09-07 17:57:42"}
